Dec 12, 2023 4:26:44 PM Server.RentalsServerImpl testRMI
INFO: testRMI method was called.
Dec 12, 2023 4:37:05 PM Server.RentalsServerImpl testRMI
INFO: testRMI method was called.
Dec 12, 2023 4:43:22 PM Server.RentalsServerImpl testRMI
INFO: testRMI method was called.
Dec 12, 2023 4:47:34 PM Server.RentalsServerImpl testRMI
INFO: testRMI method was called.
Dec 12, 2023 5:04:07 PM Server.RentalsServerImpl testRMI
INFO: testRMI method was called.
Dec 12, 2023 5:07:05 PM Server.RentalsServerImpl testRMI
INFO: testRMI method was called.
Dec 12, 2023 5:12:44 PM Server.RentalsServerImpl testRMI
INFO: testRMI method was called.
Dec 12, 2023 5:21:56 PM Server.RentalsServerImpl testRMI
INFO: testRMI method was called.
Dec 12, 2023 5:21:56 PM Server.RentalsServerImpl reservaSombrinha
INFO: reservaSombrinha method was called.
Dec 12, 2023 5:31:44 PM Server.RentalsServerImpl testRMI
INFO: testRMI method was called.
Dec 12, 2023 5:31:44 PM Server.RentalsServerImpl reservaSombrinha
INFO: reservaSombrinha method was called.
Dec 12, 2023 5:33:13 PM Server.RentalsServerImpl testRMI
INFO: testRMI method was called.
Dec 12, 2023 5:33:56 PM Server.RentalsServerImpl testRMI
INFO: testRMI method was called.
Dec 12, 2023 5:33:56 PM Server.RentalsServerImpl reservaSombrinha
INFO: reservaSombrinha method was called.
Dec 12, 2023 5:48:49 PM Server.RentalsServerImpl testRMI
INFO: testRMI method was called.
Dec 12, 2023 5:48:49 PM Server.RentalsServerImpl reservaSombrinha
INFO: reservaSombrinha method was called.
Dec 12, 2023 10:06:40 PM Server.RentalsServerImpl testRMI
INFO: testRMI method was called.
Dec 12, 2023 10:06:40 PM Server.RentalsServerImpl reservaSombrinha
INFO: reservaSombrinha method was called.
Dec 13, 2023 12:00:20 AM Server.RentalsServerImpl testRMI
INFO: testRMI method was called.
Dec 13, 2023 12:00:20 AM Server.RentalsServerImpl reservaSombrinha
INFO: reservaSombrinha method was called.
Dec 13, 2023 12:04:34 AM Server.RentalsServerImpl testRMI
INFO: testRMI method was called.
Dec 13, 2023 12:04:34 AM Server.RentalsServerImpl reservaSombrinha
INFO: reservaSombrinha method was called.
Dec 13, 2023 12:04:34 AM Server.RentalsServerImpl reservaSombrinha
INFO: reservaSombrinha method was called.
Dec 13, 2023 12:04:34 AM Server.RentalsServerImpl reservaSombrinha
INFO: reservaSombrinha method was called.
Dec 13, 2023 12:04:34 AM Server.RentalsServerImpl reservaSombrinha
INFO: reservaSombrinha method was called.
Dec 13, 2023 12:04:34 AM Server.RentalsServerImpl reservaSombrinha
INFO: reservaSombrinha method was called.
Dec 13, 2023 12:04:34 AM Server.RentalsServerImpl reservaSombrinha
INFO: reservaSombrinha method was called.
Dec 13, 2023 12:06:31 AM Server.RentalsServerImpl testRMI
INFO: testRMI method was called.
Dec 13, 2023 12:06:31 AM Server.RentalsServerImpl reservaSombrinha
INFO: reservaSombrinha method was called.
Dec 13, 2023 12:06:31 AM Server.RentalsServerImpl reservaSombrinha
INFO: reservaSombrinha method was called.
Dec 13, 2023 12:06:31 AM Server.RentalsServerImpl reservaSombrinha
INFO: reservaSombrinha method was called.
Dec 13, 2023 12:06:31 AM Server.RentalsServerImpl reservaSombrinha
INFO: reservaSombrinha method was called.
Dec 13, 2023 12:06:31 AM Server.RentalsServerImpl reservaSombrinha
INFO: reservaSombrinha method was called.
Dec 13, 2023 12:06:31 AM Server.RentalsServerImpl reservaSombrinha
INFO: reservaSombrinha method was called.
Dec 13, 2023 12:19:49 AM Server.RentalsServerImpl testRMI
INFO: testRMI method was called.
Dec 13, 2023 12:19:49 AM Server.RentalsServerImpl reservaSombrinha
INFO: reservaSombrinha method was called.
Dec 13, 2023 12:19:49 AM Server.RentalsServerImpl reservaSombrinha
INFO: reservaSombrinha method was called.
Dec 13, 2023 12:19:49 AM Server.RentalsServerImpl reservaSombrinha
INFO: reservaSombrinha method was called.
Dec 13, 2023 12:19:49 AM Server.RentalsServerImpl reservaSombrinha
INFO: reservaSombrinha method was called.
Dec 13, 2023 12:19:49 AM Server.RentalsServerImpl reservaSombrinha
INFO: reservaSombrinha method was called.
Dec 13, 2023 12:19:49 AM Server.RentalsServerImpl reservaSombrinha
INFO: reservaSombrinha method was called.
Dec 13, 2023 12:25:56 AM Server.RentalsServerImpl testRMI
INFO: testRMI method was called.
Dec 13, 2023 12:25:56 AM Server.RentalsServerImpl reservaSombrinha
INFO: reservaSombrinha method was called.
Dec 13, 2023 12:25:56 AM Server.RentalsServerImpl reservaSombrinha
INFO: reservaSombrinha method was called.
Dec 13, 2023 12:25:56 AM Server.RentalsServerImpl reservaSombrinha
INFO: reservaSombrinha method was called.
Dec 13, 2023 12:25:56 AM Server.RentalsServerImpl reservaSombrinha
INFO: reservaSombrinha method was called.
Dec 13, 2023 12:25:56 AM Server.RentalsServerImpl reservaSombrinha
INFO: reservaSombrinha method was called.
Dec 13, 2023 12:25:56 AM Server.RentalsServerImpl reservaSombrinha
INFO: reservaSombrinha method was called.
Dec 13, 2023 12:31:39 AM Server.RentalsServerImpl testRMI
INFO: testRMI method was called.
Dec 13, 2023 12:31:39 AM Server.RentalsServerImpl reservaSombrinha
INFO: reservaSombrinha method was called.
Dec 13, 2023 12:31:39 AM Server.RentalsServerImpl reservaSombrinha
INFO: reservaSombrinha method was called.
Dec 13, 2023 12:31:39 AM Server.RentalsServerImpl reservaSombrinha
INFO: reservaSombrinha method was called.
Dec 13, 2023 12:31:39 AM Server.RentalsServerImpl reservaSombrinha
INFO: reservaSombrinha method was called.
Dec 13, 2023 12:31:39 AM Server.RentalsServerImpl reservaSombrinha
INFO: reservaSombrinha method was called.
Dec 13, 2023 12:31:39 AM Server.RentalsServerImpl reservaSombrinha
INFO: reservaSombrinha method was called.
Dec 13, 2023 12:31:39 AM Server.RentalsServerImpl reservaSombrinha
INFO: reservaSombrinha method was called.
Dec 13, 2023 1:31:35 AM Server.RentalsServerImpl testRMI
INFO: testRMI method was called.
Dec 26, 2023 11:55:23 PM Server.RentalsServerImpl testRMI
INFO: testRMI method was called.
Dec 27, 2023 7:18:37 PM Server.RentalsServerImpl testRMI
INFO: testRMI method was called.
Dec 27, 2023 7:43:48 PM Server.RentalsServerImpl testRMI
INFO: testRMI method was called.
Dec 27, 2023 7:44:37 PM Server.RentalsServerImpl testRMI
INFO: testRMI method was called.
Dec 27, 2023 7:53:48 PM Server.RentalsServerImpl testRMI
INFO: testRMI method was called.
Dec 27, 2023 7:54:25 PM Server.RentalsServerImpl testRMI
INFO: testRMI method was called.
Dec 27, 2023 7:57:52 PM Server.RentalsServerImpl testRMI
INFO: testRMI method was called.
Dec 27, 2023 7:58:38 PM Server.RentalsServerImpl testRMI
INFO: testRMI method was called.
Dec 27, 2023 8:10:44 PM Server.RentalsServerImpl testRMI
INFO: testRMI method was called.
Dec 27, 2023 8:10:44 PM Server.RentalsServerImpl reservaSombrinha
INFO: reservaSombrinha method was called.
Dec 27, 2023 8:23:55 PM Server.RentalsServerImpl testRMI
INFO: testRMI method was called.
Dec 27, 2023 8:24:50 PM Server.RentalsServerImpl testRMI
INFO: testRMI method was called.
Dec 27, 2023 8:24:50 PM Server.RentalsServerImpl reservaSombrinha
INFO: reservaSombrinha method was called.
Dec 27, 2023 8:53:58 PM Server.RentalsServerImpl testRMI
INFO: testRMI method was called.
Dec 27, 2023 8:53:58 PM Server.RentalsServerImpl reservaSombrinha
INFO: reservaSombrinha method was called.
Dec 27, 2023 8:55:50 PM Server.RentalsServerImpl testRMI
INFO: testRMI method was called.
Dec 27, 2023 8:55:50 PM Server.RentalsServerImpl reservaSombrinha
INFO: reservaSombrinha method was called.
Dec 27, 2023 8:57:12 PM Server.RentalsServerImpl testRMI
INFO: testRMI method was called.
Dec 27, 2023 8:57:12 PM Server.RentalsServerImpl reservaSombrinha
INFO: reservaSombrinha method was called.
Dec 27, 2023 8:57:12 PM Server.RentalsServerImpl reservaSombrinha
INFO: reservaSombrinha method was called.
Dec 27, 2023 8:57:12 PM Server.RentalsServerImpl reservaSombrinha
INFO: reservaSombrinha method was called.
Dec 27, 2023 8:58:18 PM Server.RentalsServerImpl testRMI
INFO: testRMI method was called.
Dec 27, 2023 8:58:18 PM Server.RentalsServerImpl reservaSombrinha
INFO: reservaSombrinha method was called.
Dec 27, 2023 8:58:18 PM Server.RentalsServerImpl reservaSombrinha
INFO: reservaSombrinha method was called.
Dec 27, 2023 8:58:18 PM Server.RentalsServerImpl reservaSombrinha
INFO: reservaSombrinha method was called.
Dec 28, 2023 1:59:45 AM Server.RentalsServerImpl reservaSombrinha
INFO: reservaSombrinha method was called.
Dec 28, 2023 2:20:17 AM Server.RentalsServerImpl reservaSombrinha
INFO: reservaSombrinha method was called.
Dec 28, 2023 4:23:24 AM Server.RentalsServerImpl testRMI
INFO: testRMI method was called.
Dec 28, 2023 4:23:24 AM Server.RentalsServerImpl reservaSombrinha
INFO: reservaSombrinha method was called.
Dec 28, 2023 4:23:24 AM Server.RentalsServerImpl reservaSombrinha
INFO: reservaSombrinha method was called.
Dec 28, 2023 4:23:24 AM Server.RentalsServerImpl reservaSombrinha
INFO: reservaSombrinha method was called.
Dec 28, 2023 4:24:01 AM Server.RentalsServerImpl testRMI
INFO: testRMI method was called.
Dec 28, 2023 4:24:01 AM Server.RentalsServerImpl reservaSombrinha
INFO: reservaSombrinha method was called.
Dec 28, 2023 4:24:01 AM Server.RentalsServerImpl reservaSombrinha
INFO: reservaSombrinha method was called.
Dec 28, 2023 4:24:01 AM Server.RentalsServerImpl reservaSombrinha
INFO: reservaSombrinha method was called.
Dec 28, 2023 4:26:44 AM Server.RentalsServerImpl testRMI
INFO: testRMI method was called.
Dec 28, 2023 4:26:44 AM Server.RentalsServerImpl reservaSombrinha
INFO: reservaSombrinha method was called.
Dec 28, 2023 4:26:44 AM Server.RentalsServerImpl reservaSombrinha
INFO: reservaSombrinha method was called.
Dec 28, 2023 4:26:44 AM Server.RentalsServerImpl reservaSombrinha
INFO: reservaSombrinha method was called.
Dec 28, 2023 4:27:25 AM Server.RentalsServerImpl testRMI
INFO: testRMI method was called.
Dec 28, 2023 4:27:25 AM Server.RentalsServerImpl reservaSombrinha
INFO: reservaSombrinha method was called.
Dec 28, 2023 4:27:25 AM Server.RentalsServerImpl reservaSombrinha
INFO: reservaSombrinha method was called.
Dec 28, 2023 4:27:25 AM Server.RentalsServerImpl reservaSombrinha
INFO: reservaSombrinha method was called.
Dec 28, 2023 4:29:14 AM Server.RentalsServerImpl testRMI
INFO: testRMI method was called.
Dec 28, 2023 4:29:14 AM Server.RentalsServerImpl reservaSombrinha
INFO: reservaSombrinha method was called.
Dec 28, 2023 4:29:14 AM Server.RentalsServerImpl reservaSombrinha
INFO: reservaSombrinha method was called.
Dec 28, 2023 4:29:14 AM Server.RentalsServerImpl reservaSombrinha
INFO: reservaSombrinha method was called.
Dec 28, 2023 4:29:27 AM Server.RentalsServerImpl testRMI
INFO: testRMI method was called.
Dec 28, 2023 4:29:27 AM Server.RentalsServerImpl reservaSombrinha
INFO: reservaSombrinha method was called.
Dec 28, 2023 4:29:27 AM Server.RentalsServerImpl reservaSombrinha
INFO: reservaSombrinha method was called.
Dec 28, 2023 4:29:27 AM Server.RentalsServerImpl reservaSombrinha
INFO: reservaSombrinha method was called.
Dec 28, 2023 4:30:04 AM Server.RentalsServerImpl testRMI
INFO: testRMI method was called.
Dec 28, 2023 4:30:04 AM Server.RentalsServerImpl reservaSombrinha
INFO: reservaSombrinha method was called.
Dec 28, 2023 4:30:04 AM Server.RentalsServerImpl reservaSombrinha
INFO: reservaSombrinha method was called.
Dec 28, 2023 4:30:04 AM Server.RentalsServerImpl reservaSombrinha
INFO: reservaSombrinha method was called.
Dec 28, 2023 4:30:28 AM Server.RentalsServerImpl testRMI
INFO: testRMI method was called.
Dec 28, 2023 4:30:28 AM Server.RentalsServerImpl reservaSombrinha
INFO: reservaSombrinha method was called.
Dec 28, 2023 4:30:28 AM Server.RentalsServerImpl reservaSombrinha
INFO: reservaSombrinha method was called.
Dec 28, 2023 4:30:28 AM Server.RentalsServerImpl reservaSombrinha
INFO: reservaSombrinha method was called.
Dec 28, 2023 4:32:42 AM Server.RentalsServerImpl testRMI
INFO: testRMI method was called.
Dec 28, 2023 4:32:42 AM Server.RentalsServerImpl reservaSombrinha
INFO: reservaSombrinha method was called.
Dec 28, 2023 4:32:42 AM Server.RentalsServerImpl reservaSombrinha
INFO: reservaSombrinha method was called.
Dec 28, 2023 4:32:42 AM Server.RentalsServerImpl reservaSombrinha
INFO: reservaSombrinha method was called.
Dec 28, 2023 3:54:43 PM Server.RentalsServerImpl reservaSombrinha
INFO: reservaSombrinha method was called.
Dec 28, 2023 3:55:55 PM Server.RentalsServerImpl reservaSombrinha
INFO: reservaSombrinha method was called.
Dec 28, 2023 3:56:33 PM Server.RentalsServerImpl reservaSombrinha
INFO: reservaSombrinha method was called.
Dec 28, 2023 3:58:29 PM Server.RentalsServerImpl reservaSombrinha
INFO: reservaSombrinha method was called.
Dec 28, 2023 4:14:53 PM Server.RentalsServerImpl testRMI
INFO: testRMI method was called.
Dec 28, 2023 4:16:28 PM Server.RentalsServerImpl testRMI
INFO: testRMI method was called.
Dec 28, 2023 4:16:28 PM Server.RentalsServerImpl reservaSombrinha
INFO: reservaSombrinha method was called.
Dec 28, 2023 4:16:28 PM Server.RentalsServerImpl reservaSombrinha
INFO: reservaSombrinha method was called.
Dec 28, 2023 4:16:28 PM Server.RentalsServerImpl reservaSombrinha
INFO: reservaSombrinha method was called.
Dec 28, 2023 7:37:14 PM Server.RentalsServerImpl testRMI
INFO: testRMI method was called.
Dec 28, 2023 7:37:14 PM Server.RentalsServerImpl reservaSombrinha
INFO: reservaSombrinha method was called.
Dec 28, 2023 7:37:14 PM Server.RentalsServerImpl reservaSombrinha
INFO: reservaSombrinha method was called.
Dec 28, 2023 7:37:14 PM Server.RentalsServerImpl reservaSombrinha
INFO: reservaSombrinha method was called.
Dec 29, 2023 11:30:33 AM Server.RentalsServerImpl listaSombrinhasDisponiveis
INFO: listaSombrinhasDisponiveis method was called.
Dec 29, 2023 11:35:37 AM Server.RentalsServerImpl listaSombrinhasDisponiveis
INFO: listaSombrinhasDisponiveis method was called.
Dec 29, 2023 11:37:33 AM Server.RentalsServerImpl listaSombrinhasDisponiveis
INFO: listaSombrinhasDisponiveis method was called.
Dec 29, 2023 11:39:14 AM Server.RentalsServerImpl listaSombrinhasDisponiveis
INFO: listaSombrinhasDisponiveis method was called.
Dec 29, 2023 11:42:39 AM Server.RentalsServerImpl listaSombrinhasDisponiveis
INFO: listaSombrinhasDisponiveis method was called.
Dec 29, 2023 11:45:16 AM Server.RentalsServerImpl testRMI
INFO: testRMI method was called.
Dec 29, 2023 11:45:16 AM Server.RentalsServerImpl reservaSombrinha
INFO: reservaSombrinha method was called.
Dec 29, 2023 11:45:16 AM Server.RentalsServerImpl reservaSombrinha
INFO: reservaSombrinha method was called.
Dec 29, 2023 11:45:16 AM Server.RentalsServerImpl reservaSombrinha
INFO: reservaSombrinha method was called.
Dec 29, 2023 11:57:28 AM Server.RentalsServerImpl listaSombrinhasDisponiveis
INFO: listaSombrinhasDisponiveis method was called.
Dec 29, 2023 11:59:07 AM Server.RentalsServerImpl testRMI
INFO: testRMI method was called.
Dec 29, 2023 12:24:50 PM Server.RentalsServerImpl listaSombrinhasDisponiveis
INFO: listaSombrinhasDisponiveis method was called.
Dec 29, 2023 12:25:45 PM Server.RentalsServerImpl listaSombrinhasDisponiveis
INFO: listaSombrinhasDisponiveis method was called.
Dec 29, 2023 12:40:01 PM Server.RentalsServerImpl listaSombrinhasDisponiveis
INFO: listaSombrinhasDisponiveis method was called.
Dec 29, 2023 12:40:40 PM Server.RentalsServerImpl testRMI
INFO: testRMI method was called.
Dec 29, 2023 12:47:28 PM Server.RentalsServerImpl listaSombrinhasDisponiveis
INFO: listaSombrinhasDisponiveis method was called.
Dec 29, 2023 1:04:06 PM Server.RentalsServerImpl listaSombrinhasDisponiveis
INFO: listaSombrinhasDisponiveis method was called.
Dec 29, 2023 1:04:06 PM Server.RentalsServerImpl listaSombrinhasDisponiveis
INFO: hora: 2024-12-12T08:00
Dec 29, 2023 1:04:06 PM Server.RentalsServerImpl listaSombrinhasDisponiveis
INFO: idPraia: A
Dec 29, 2023 1:05:05 PM Server.RentalsServerImpl listaSombrinhasDisponiveis
INFO: listaSombrinhasDisponiveis method was called.
Dec 29, 2023 1:05:05 PM Server.RentalsServerImpl listaSombrinhasDisponiveis
INFO: hora: 2024-12-12T08:00
Dec 29, 2023 1:05:05 PM Server.RentalsServerImpl listaSombrinhasDisponiveis
INFO: idPraia: A
Dec 29, 2023 1:05:05 PM Server.RentalsServerImpl listaSombrinhasDisponiveis
INFO: listaSombrinhasDisponiveis: [A2, A3, A4, A5, A6, A7, A8, A9, A10, A11, A12, A13, A14, A15, A16, A17, A18, A19, A20]
Dec 29, 2023 1:06:01 PM Server.RentalsServerImpl listaSombrinhasDisponiveis
INFO: listaSombrinhasDisponiveis method was called.
Dec 29, 2023 1:06:01 PM Server.RentalsServerImpl listaSombrinhasDisponiveis
INFO: hora: 2024-12-12T08:00
Dec 29, 2023 1:06:01 PM Server.RentalsServerImpl listaSombrinhasDisponiveis
INFO: idPraia: A
Dec 29, 2023 2:34:50 PM Server.RentalsServerImpl listaSombrinhasDisponiveis
INFO: listaSombrinhasDisponiveis method was called.
Dec 29, 2023 2:34:50 PM Server.RentalsServerImpl listaSombrinhasDisponiveis
INFO: hora: 2024-12-12T08:00
Dec 29, 2023 2:34:50 PM Server.RentalsServerImpl listaSombrinhasDisponiveis
INFO: idPraia: A
Dec 29, 2023 2:55:20 PM Server.RentalsServerImpl listaSombrinhasDisponiveis
INFO: listaSombrinhasDisponiveis method was called.
Dec 29, 2023 2:55:20 PM Server.RentalsServerImpl listaSombrinhasDisponiveis
INFO: hora: 2024-12-12T10:00
Dec 29, 2023 2:55:20 PM Server.RentalsServerImpl listaSombrinhasDisponiveis
INFO: idPraia: A
Dec 29, 2023 2:55:20 PM Server.RentalsServerImpl listaSombrinhasDisponiveis
INFO: listaSombrinhasDisponiveis: A1:A2:A3:A4:A5:A6:A7:A8:A9:A10:A11:A12:A13:A14:A15:A16:A17:A18:A19:A20:
Dec 29, 2023 6:55:42 PM Server.RentalsServerImpl testRMI
INFO: testRMI method was called.
Dec 29, 2023 6:55:42 PM Server.RentalsServerImpl reservaSombrinha
INFO: reservaSombrinha method was called.
Dec 29, 2023 6:55:42 PM Server.RentalsServerImpl reservaSombrinha
INFO: reservaSombrinha method was called.
Dec 29, 2023 6:55:42 PM Server.RentalsServerImpl reservaSombrinha
INFO: reservaSombrinha method was called.
Dec 29, 2023 7:01:52 PM Server.RentalsServerImpl listaSombrinhasDisponiveis
INFO: listaSombrinhasDisponiveis method was called.
Dec 29, 2023 7:01:52 PM Server.RentalsServerImpl listaSombrinhasDisponiveis
INFO: hora: 2024-12-12T10:00
Dec 29, 2023 7:01:52 PM Server.RentalsServerImpl listaSombrinhasDisponiveis
INFO: idPraia: A
Dec 29, 2023 7:01:52 PM Server.RentalsServerImpl listaSombrinhasDisponiveis
INFO: listaSombrinhasDisponiveis: A1:A2:A3:A4:A5:A6:A7:A8:A9:A10:A11:A12:A13:A14:A15:A16:A17:A18:A19:A20:
Dec 29, 2023 7:13:47 PM Server.RentalsServerImpl listaSombrinhasDisponiveis
INFO: listaSombrinhasDisponiveis method was called.
Dec 29, 2023 7:13:47 PM Server.RentalsServerImpl listaSombrinhasDisponiveis
INFO: hora: 2024-12-12T10:00
Dec 29, 2023 7:13:47 PM Server.RentalsServerImpl listaSombrinhasDisponiveis
INFO: idPraia: A
Dec 29, 2023 7:13:47 PM Server.RentalsServerImpl listaSombrinhasDisponiveis
INFO: listaSombrinhasDisponiveis: A1:A2:A3:A4:A5:A6:A7:A8:A9:A10:A11:A12:A13:A14:A15:A16:A17:A18:A19:A20:
Dec 29, 2023 7:53:46 PM Server.RentalsServerImpl listaSombrinhasDisponiveis
INFO: listaSombrinhasDisponiveis method was called.
Dec 29, 2023 7:53:46 PM Server.RentalsServerImpl listaSombrinhasDisponiveis
INFO: hora: 2024-12-12T10:00
Dec 29, 2023 7:53:46 PM Server.RentalsServerImpl listaSombrinhasDisponiveis
INFO: idPraia: A
Dec 29, 2023 7:53:46 PM Server.RentalsServerImpl listaSombrinhasDisponiveis
INFO: listaSombrinhasDisponiveis: A1:A2:A3:A4:A5:A6:A7:A8:A9:A10:A11:A12:A13:A14:A15:A16:A17:A18:A19:A20:
Dec 29, 2023 7:55:21 PM Server.RentalsServerImpl listaSombrinhasDisponiveis
INFO: listaSombrinhasDisponiveis method was called.
Dec 29, 2023 7:55:21 PM Server.RentalsServerImpl listaSombrinhasDisponiveis
INFO: hora: 2024-12-12T10:00
Dec 29, 2023 7:55:21 PM Server.RentalsServerImpl listaSombrinhasDisponiveis
INFO: idPraia: A
Dec 29, 2023 7:55:21 PM Server.RentalsServerImpl listaSombrinhasDisponiveis
INFO: listaSombrinhasDisponiveis: A1:A2:A3:A4:A5:A6:A7:A8:A9:A10:A11:A12:A13:A14:A15:A16:A17:A18:A19:A20:
Dec 29, 2023 8:02:10 PM Server.RentalsServerImpl testRMI
INFO: testRMI method was called.
Dec 29, 2023 8:02:10 PM Server.RentalsServerImpl listaSombrinhasDisponiveis
INFO: listaSombrinhasDisponiveis method was called.
Dec 29, 2023 8:02:10 PM Server.RentalsServerImpl listaSombrinhasDisponiveis
INFO: hora: 2024-12-12T10:00
Dec 29, 2023 8:02:10 PM Server.RentalsServerImpl listaSombrinhasDisponiveis
INFO: idPraia: A
Dec 29, 2023 8:02:10 PM Server.RentalsServerImpl listaSombrinhasDisponiveis
INFO: listaSombrinhasDisponiveis: A1:A2:A3:A4:A5:A6:A7:A8:A9:A10:A11:A12:A13:A14:A15:A16:A17:A18:A19:A20:
Dec 29, 2023 8:04:18 PM Server.RentalsServerImpl testRMI
INFO: testRMI method was called.
Dec 29, 2023 8:04:18 PM Server.RentalsServerImpl listaSombrinhasDisponiveis
INFO: listaSombrinhasDisponiveis method was called.
Dec 29, 2023 8:04:18 PM Server.RentalsServerImpl listaSombrinhasDisponiveis
INFO: hora: 2024-12-12T10:00
Dec 29, 2023 8:04:18 PM Server.RentalsServerImpl listaSombrinhasDisponiveis
INFO: idPraia: A
Dec 29, 2023 8:04:18 PM Server.RentalsServerImpl listaSombrinhasDisponiveis
INFO: listaSombrinhasDisponiveis: A1:A2:A3:A4:A5:A6:A7:A8:A9:A10:A11:A12:A13:A14:A15:A16:A17:A18:A19:A20:
Dec 29, 2023 8:06:10 PM Server.RentalsServerImpl testRMI
INFO: testRMI method was called.
Dec 29, 2023 8:07:37 PM Server.RentalsServerImpl testRMI
INFO: testRMI method was called.
Dec 29, 2023 8:07:37 PM Server.RentalsServerImpl listaSombrinhasDisponiveis
INFO: listaSombrinhasDisponiveis method was called.
Dec 29, 2023 8:07:37 PM Server.RentalsServerImpl listaSombrinhasDisponiveis
INFO: hora: 2024-12-12T10:00
Dec 29, 2023 8:07:37 PM Server.RentalsServerImpl listaSombrinhasDisponiveis
INFO: idPraia: A
Dec 29, 2023 8:07:37 PM Server.RentalsServerImpl listaSombrinhasDisponiveis
INFO: listaSombrinhasDisponiveis: A1:A2:A3:A4:A5:A6:A7:A8:A9:A10:A11:A12:A13:A14:A15:A16:A17:A18:A19:A20:
Dec 30, 2023 4:06:10 PM Server.RentalsServerImpl testRMI
INFO: testRMI method was called.
Dec 30, 2023 4:06:10 PM Server.RentalsServerImpl listaSombrinhasDisponiveis
INFO: listaSombrinhasDisponiveis method was called.
Dec 30, 2023 4:06:10 PM Server.RentalsServerImpl listaSombrinhasDisponiveis
INFO: hora: 2024-12-12T10:00
Dec 30, 2023 4:06:10 PM Server.RentalsServerImpl listaSombrinhasDisponiveis
INFO: idPraia: A
Dec 30, 2023 4:06:10 PM Server.RentalsServerImpl listaSombrinhasDisponiveis
INFO: listaSombrinhasDisponiveis: A1:A2:A3:A4:A5:A6:A7:A8:A9:A10:A11:A12:A13:A14:A15:A16:A17:A18:A19:A20:
Dec 30, 2023 4:24:43 PM Server.RentalsServerImpl testRMI
INFO: testRMI method was called.
Dec 30, 2023 4:24:44 PM Server.RentalsServerImpl listaSombrinhasDisponiveis
INFO: listaSombrinhasDisponiveis method was called.
Dec 30, 2023 4:24:44 PM Server.RentalsServerImpl listaSombrinhasDisponiveis
INFO: hora: 2024-12-12T10:00
Dec 30, 2023 4:24:44 PM Server.RentalsServerImpl listaSombrinhasDisponiveis
INFO: idPraia: A
Dec 30, 2023 4:24:44 PM Server.RentalsServerImpl listaSombrinhasDisponiveis
INFO: listaSombrinhasDisponiveis: A1:A2:A3:A4:A5:A6:A7:A8:A9:A10:A11:A12:A13:A14:A15:A16:A17:A18:A19:A20:
Dec 30, 2023 7:37:57 PM Server.RentalsServerImpl testRMI
INFO: testRMI method was called.
Dec 30, 2023 7:37:57 PM Server.RentalsServerImpl reservaSombrinha
INFO: reservaSombrinha method was called.
Dec 30, 2023 7:37:57 PM Server.RentalsServerImpl reservaSombrinha
INFO: reservaSombrinha method was called.
Dec 30, 2023 7:37:57 PM Server.RentalsServerImpl reservaSombrinha
INFO: reservaSombrinha method was called.
Dec 30, 2023 8:38:28 PM Server.RentalsServerImpl testRMI
INFO: testRMI method was called.
Dec 30, 2023 8:38:28 PM Server.RentalsServerImpl reservaSombrinha
INFO: reservaSombrinha method was called.
Dec 30, 2023 8:38:28 PM Server.RentalsServerImpl reservaSombrinha
INFO: reservaSombrinha method was called.
Dec 30, 2023 8:38:28 PM Server.RentalsServerImpl reservaSombrinha
INFO: reservaSombrinha method was called.
Dec 30, 2023 9:04:02 PM Server.RentalsServerImpl testRMI
INFO: testRMI method was called.
Dec 30, 2023 9:04:02 PM Server.RentalsServerImpl listaSombrinhasDisponiveis
INFO: listaSombrinhasDisponiveis method was called.
Dec 30, 2023 9:04:02 PM Server.RentalsServerImpl listaSombrinhasDisponiveis
INFO: hora: 2024-12-12T10:00
Dec 30, 2023 9:04:02 PM Server.RentalsServerImpl listaSombrinhasDisponiveis
INFO: idPraia: A
Dec 30, 2023 9:04:02 PM Server.RentalsServerImpl listaSombrinhasDisponiveis
INFO: listaSombrinhasDisponiveis: A1:A2:A3:A4:A5:A6:A7:A8:A9:A10:A11:A12:A13:A14:A15:A16:A17:A18:A19:A20:
Dec 30, 2023 9:04:02 PM Server.RentalsServerImpl reservaSombrinha
INFO: reservaSombrinha method was called.
Dec 31, 2023 12:22:03 AM Server.RentalsServerImpl testRMI
INFO: testRMI method was called.
Dec 31, 2023 12:22:03 AM Server.RentalsServerImpl listaSombrinhasDisponiveis
INFO: listaSombrinhasDisponiveis method was called.
Dec 31, 2023 12:22:03 AM Server.RentalsServerImpl listaSombrinhasDisponiveis
INFO: hora: 2024-12-12T10:00
Dec 31, 2023 12:22:03 AM Server.RentalsServerImpl listaSombrinhasDisponiveis
INFO: idPraia: A
Dec 31, 2023 12:22:03 AM Server.RentalsServerImpl listaSombrinhasDisponiveis
INFO: listaSombrinhasDisponiveis: A1:A2:A3:A4:A5:A6:A7:A8:A9:A10:A11:A12:A13:A14:A15:A16:A17:A18:A19:A20:
Dec 31, 2023 12:22:03 AM Server.RentalsServerImpl reservaSombrinha
INFO: reservaSombrinha method was called.
Dec 31, 2023 12:24:15 AM Server.RentalsServerImpl testRMI
INFO: testRMI method was called.
Dec 31, 2023 12:24:15 AM Server.RentalsServerImpl listaSombrinhasDisponiveis
INFO: listaSombrinhasDisponiveis method was called.
Dec 31, 2023 12:24:15 AM Server.RentalsServerImpl listaSombrinhasDisponiveis
INFO: hora: 2024-12-12T10:00
Dec 31, 2023 12:24:15 AM Server.RentalsServerImpl listaSombrinhasDisponiveis
INFO: idPraia: A
Dec 31, 2023 12:24:15 AM Server.RentalsServerImpl listaSombrinhasDisponiveis
INFO: listaSombrinhasDisponiveis: A1:A2:A3:A4:A5:A6:A7:A8:A9:A10:A11:A12:A13:A14:A15:A16:A17:A18:A19:A20:
Dec 31, 2023 12:24:15 AM Server.RentalsServerImpl reservaSombrinha
INFO: reservaSombrinha method was called.
Jan 01, 2024 3:51:18 PM Server.RentalsServerImpl listaSombrinhasDisponiveis
INFO: listaSombrinhasDisponiveis method was called.
Jan 01, 2024 3:51:18 PM Server.RentalsServerImpl listaSombrinhasDisponiveis
INFO: hora: 2024-12-12T10:00
Jan 01, 2024 3:51:18 PM Server.RentalsServerImpl listaSombrinhasDisponiveis
INFO: idPraia: A
Jan 01, 2024 3:51:18 PM Server.RentalsServerImpl listaSombrinhasDisponiveis
INFO: listaSombrinhasDisponiveis: A1:A2:A3:A4:A5:A6:A7:A8:A9:A10:A11:A12:A13:A14:A15:A16:A17:A18:A19:A20:
Jan 01, 2024 5:04:33 PM Server.RentalsServerImpl listaSombrinhasDisponiveis
INFO: listaSombrinhasDisponiveis method was called.
Jan 01, 2024 5:04:33 PM Server.RentalsServerImpl listaSombrinhasDisponiveis
INFO: hora: 2024-12-12T10:00
Jan 01, 2024 5:04:33 PM Server.RentalsServerImpl listaSombrinhasDisponiveis
INFO: idPraia: A
Jan 01, 2024 5:04:33 PM Server.RentalsServerImpl listaSombrinhasDisponiveis
INFO: listaSombrinhasDisponiveis: A1:A2:A3:A4:A5:A6:A7:A8:A9:A10:A11:A12:A13:A14:A15:A16:A17:A18:A19:A20:
Jan 01, 2024 5:05:05 PM Server.RentalsServerImpl listaSombrinhasDisponiveis
INFO: listaSombrinhasDisponiveis method was called.
Jan 01, 2024 5:05:05 PM Server.RentalsServerImpl listaSombrinhasDisponiveis
INFO: hora: 2024-12-12T10:00
Jan 01, 2024 5:05:05 PM Server.RentalsServerImpl listaSombrinhasDisponiveis
INFO: idPraia: A
Jan 01, 2024 5:05:05 PM Server.RentalsServerImpl listaSombrinhasDisponiveis
INFO: listaSombrinhasDisponiveis: A1:A2:A3:A4:A5:A6:A7:A8:A9:A10:A11:A12:A13:A14:A15:A16:A17:A18:A19:A20:
Jan 01, 2024 5:05:51 PM Server.RentalsServerImpl reservaSombrinha
INFO: reservaSombrinha method was called.
Jan 01, 2024 5:06:42 PM Server.RentalsServerImpl listaSombrinhasDisponiveis
INFO: listaSombrinhasDisponiveis method was called.
Jan 01, 2024 5:06:42 PM Server.RentalsServerImpl listaSombrinhasDisponiveis
INFO: hora: 2024-12-12T10:00
Jan 01, 2024 5:06:42 PM Server.RentalsServerImpl listaSombrinhasDisponiveis
INFO: idPraia: A
Jan 01, 2024 5:06:42 PM Server.RentalsServerImpl listaSombrinhasDisponiveis
INFO: listaSombrinhasDisponiveis: A1:A2:A3:A4:A5:A6:A7:A8:A9:A10:A11:A12:A13:A14:A15:A16:A17:A18:A19:A20:
Jan 01, 2024 9:05:33 PM Server.RentalsServerImpl testRMI
INFO: testRMI method was called.
Jan 01, 2024 9:05:33 PM Server.RentalsServerImpl reservaSombrinha
INFO: reservaSombrinha method was called.
Jan 01, 2024 9:05:33 PM Server.RentalsServerImpl reservaSombrinha
INFO: reservaSombrinha method was called.
Jan 01, 2024 9:05:33 PM Server.RentalsServerImpl reservaSombrinha
INFO: reservaSombrinha method was called.
Jan 01, 2024 10:06:34 PM Server.RentalsServerImpl listaSombrinhasDisponiveis
INFO: listaSombrinhasDisponiveis method was called.
Jan 01, 2024 10:06:34 PM Server.RentalsServerImpl listaSombrinhasDisponiveis
INFO: hora: 2024-12-12T14:00
Jan 01, 2024 10:06:34 PM Server.RentalsServerImpl listaSombrinhasDisponiveis
INFO: idPraia: A
Jan 01, 2024 10:06:34 PM Server.RentalsServerImpl listaSombrinhasDisponiveis
INFO: listaSombrinhasDisponiveis: A1:A2:A3:A4:A5:A6:A7:A8:A9:A10:A11:A12:A13:A14:A15:A16:A17:A18:A19:A20:
Jan 01, 2024 10:06:52 PM Server.RentalsServerImpl reservaSombrinha
INFO: reservaSombrinha method was called.
Jan 01, 2024 10:38:09 PM Server.RentalsServerImpl listaSombrinhasDisponiveis
INFO: listaSombrinhasDisponiveis method was called.
Jan 01, 2024 10:38:09 PM Server.RentalsServerImpl listaSombrinhasDisponiveis
INFO: hora: 2024-12-13T14:00
Jan 01, 2024 10:38:09 PM Server.RentalsServerImpl listaSombrinhasDisponiveis
INFO: idPraia: A
Jan 01, 2024 10:38:09 PM Server.RentalsServerImpl listaSombrinhasDisponiveis
INFO: listaSombrinhasDisponiveis: A1:A2:A3:A4:A5:A6:A7:A8:A9:A10:A11:A12:A13:A14:A15:A16:A17:A18:A19:A20:
Jan 01, 2024 10:38:46 PM Server.RentalsServerImpl listaSombrinhasDisponiveis
INFO: listaSombrinhasDisponiveis method was called.
Jan 01, 2024 10:38:46 PM Server.RentalsServerImpl listaSombrinhasDisponiveis
INFO: hora: 2024-03-16T12:00
Jan 01, 2024 10:38:46 PM Server.RentalsServerImpl listaSombrinhasDisponiveis
INFO: idPraia: A
Jan 01, 2024 10:38:46 PM Server.RentalsServerImpl listaSombrinhasDisponiveis
INFO: listaSombrinhasDisponiveis: A1:A2:A3:A4:A5:A6:A7:A8:A9:A10:A11:A12:A13:A14:A15:A16:A17:A18:A19:A20:
Jan 01, 2024 10:38:55 PM Server.RentalsServerImpl reservaSombrinha
INFO: reservaSombrinha method was called.
Jan 01, 2024 11:12:29 PM Server.RentalsServerImpl listaSombrinhasDisponiveis
INFO: listaSombrinhasDisponiveis method was called.
Jan 01, 2024 11:12:29 PM Server.RentalsServerImpl listaSombrinhasDisponiveis
INFO: hora: 2024-10-01T16:00
Jan 01, 2024 11:12:29 PM Server.RentalsServerImpl listaSombrinhasDisponiveis
INFO: idPraia: A
Jan 01, 2024 11:12:29 PM Server.RentalsServerImpl listaSombrinhasDisponiveis
INFO: listaSombrinhasDisponiveis: A1:A2:A3:A4:A5:A6:A7:A8:A9:A10:A11:A12:A13:A14:A15:A16:A17:A18:A19:A20:
Jan 02, 2024 1:54:45 AM Server.RentalsServerImpl listaSombrinhasDisponiveis
INFO: listaSombrinhasDisponiveis method was called.
Jan 02, 2024 1:54:45 AM Server.RentalsServerImpl listaSombrinhasDisponiveis
INFO: hora: 2024-12-12T15:00
Jan 02, 2024 1:54:45 AM Server.RentalsServerImpl listaSombrinhasDisponiveis
INFO: idPraia: A
Jan 02, 2024 1:54:45 AM Server.RentalsServerImpl listaSombrinhasDisponiveis
INFO: listaSombrinhasDisponiveis: A1:A2:A3:A4:A5:A6:A7:A8:A9:A10:A11:A12:A13:A14:A15:A16:A17:A18:A19:A20:
Jan 02, 2024 1:56:10 AM Server.RentalsServerImpl listaSombrinhasDisponiveis
INFO: listaSombrinhasDisponiveis method was called.
Jan 02, 2024 1:56:10 AM Server.RentalsServerImpl listaSombrinhasDisponiveis
INFO: hora: 2024-11-11T15:00
Jan 02, 2024 1:56:10 AM Server.RentalsServerImpl listaSombrinhasDisponiveis
INFO: idPraia: A
Jan 02, 2024 1:56:10 AM Server.RentalsServerImpl listaSombrinhasDisponiveis
INFO: listaSombrinhasDisponiveis: A1:A2:A3:A4:A5:A6:A7:A8:A9:A10:A11:A12:A13:A14:A15:A16:A17:A18:A19:A20:
Jan 02, 2024 1:56:24 AM Server.RentalsServerImpl reservaSombrinha
INFO: reservaSombrinha method was called.
Jan 02, 2024 2:10:24 AM Server.RentalsServerImpl listaSombrinhasDisponiveis
INFO: listaSombrinhasDisponiveis method was called.
Jan 02, 2024 2:10:24 AM Server.RentalsServerImpl listaSombrinhasDisponiveis
INFO: hora: 2024-12-12T19:00
Jan 02, 2024 2:10:24 AM Server.RentalsServerImpl listaSombrinhasDisponiveis
INFO: idPraia: A
Jan 02, 2024 2:10:24 AM Server.RentalsServerImpl listaSombrinhasDisponiveis
INFO: listaSombrinhasDisponiveis: A1:A2:A3:A4:A5:A6:A7:A8:A9:A10:A11:A12:A13:A14:A15:A16:A17:A18:A19:A20:
Jan 02, 2024 2:11:56 AM Server.RentalsServerImpl listaSombrinhasDisponiveis
INFO: listaSombrinhasDisponiveis method was called.
Jan 02, 2024 2:11:56 AM Server.RentalsServerImpl listaSombrinhasDisponiveis
INFO: hora: 2024-12-01T15:00
Jan 02, 2024 2:11:56 AM Server.RentalsServerImpl listaSombrinhasDisponiveis
INFO: idPraia: A
Jan 02, 2024 2:11:56 AM Server.RentalsServerImpl listaSombrinhasDisponiveis
INFO: listaSombrinhasDisponiveis: A1:A2:A3:A4:A5:A6:A7:A8:A9:A10:A11:A12:A13:A14:A15:A16:A17:A18:A19:A20:
Jan 02, 2024 2:12:07 AM Server.RentalsServerImpl reservaSombrinha
INFO: reservaSombrinha method was called.
Jan 02, 2024 2:34:47 AM Server.RentalsServerImpl listaSombrinhasDisponiveis
INFO: listaSombrinhasDisponiveis method was called.
Jan 02, 2024 2:34:47 AM Server.RentalsServerImpl listaSombrinhasDisponiveis
INFO: hora: 2024-04-16T17:00
Jan 02, 2024 2:34:47 AM Server.RentalsServerImpl listaSombrinhasDisponiveis
INFO: idPraia: A
Jan 02, 2024 2:34:47 AM Server.RentalsServerImpl listaSombrinhasDisponiveis
INFO: listaSombrinhasDisponiveis: A1:A2:A3:A4:A5:A6:A7:A8:A9:A10:A11:A12:A13:A14:A15:A16:A17:A18:A19:A20:
Jan 02, 2024 2:35:00 AM Server.RentalsServerImpl reservaSombrinha
INFO: reservaSombrinha method was called.
Jan 02, 2024 2:40:54 AM Server.RentalsServerImpl listaSombrinhasDisponiveis
INFO: listaSombrinhasDisponiveis method was called.
Jan 02, 2024 2:40:54 AM Server.RentalsServerImpl listaSombrinhasDisponiveis
INFO: hora: 2024-12-06T15:00
Jan 02, 2024 2:40:54 AM Server.RentalsServerImpl listaSombrinhasDisponiveis
INFO: idPraia: A
Jan 02, 2024 2:40:54 AM Server.RentalsServerImpl listaSombrinhasDisponiveis
INFO: listaSombrinhasDisponiveis: A1:A2:A3:A4:A5:A6:A7:A8:A9:A10:A11:A12:A13:A14:A15:A16:A17:A18:A19:A20:
Jan 02, 2024 8:27:36 AM Server.RentalsServerImpl listaSombrinhasDisponiveis
INFO: listaSombrinhasDisponiveis method was called.
Jan 02, 2024 8:27:36 AM Server.RentalsServerImpl listaSombrinhasDisponiveis
INFO: hora: 2024-12-01T14:00
Jan 02, 2024 8:27:36 AM Server.RentalsServerImpl listaSombrinhasDisponiveis
INFO: idPraia: A
Jan 02, 2024 8:27:36 AM Server.RentalsServerImpl listaSombrinhasDisponiveis
INFO: listaSombrinhasDisponiveis
Praia      | Sombrinha   
---------- | ------------
A          | 1           
A          | 2           
A          | 3           
A          | 4           
A          | 5           
A          | 6           
A          | 7           
A          | 8           
A          | 9           
A          | 10          
A          | 11          
A          | 12          
A          | 13          
A          | 14          
A          | 15          
A          | 16          
A          | 17          
A          | 18          
A          | 19          
A          | 20          

Jan 02, 2024 8:45:45 AM Server.RentalsServerImpl listaSombrinhasDisponiveis
INFO: listaSombrinhasDisponiveis method was called.
Jan 02, 2024 8:45:45 AM Server.RentalsServerImpl listaSombrinhasDisponiveis
INFO: hora: 2024-03-09T15:00
Jan 02, 2024 8:45:45 AM Server.RentalsServerImpl listaSombrinhasDisponiveis
INFO: idPraia: B
Jan 02, 2024 8:48:36 AM Server.RentalsServerImpl listaSombrinhasDisponiveis
INFO: listaSombrinhasDisponiveis method was called.
Jan 02, 2024 8:48:36 AM Server.RentalsServerImpl listaSombrinhasDisponiveis
INFO: hora: 2024-09-10T16:00
Jan 02, 2024 8:48:36 AM Server.RentalsServerImpl listaSombrinhasDisponiveis
INFO: idPraia: B
Jan 02, 2024 8:55:03 AM Server.RentalsServerImpl listaSombrinhasDisponiveis
INFO: listaSombrinhasDisponiveis method was called.
Jan 02, 2024 8:55:03 AM Server.RentalsServerImpl listaSombrinhasDisponiveis
INFO: hora: 2024-06-07T15:00
Jan 02, 2024 8:55:03 AM Server.RentalsServerImpl listaSombrinhasDisponiveis
INFO: idPraia: B
Jan 02, 2024 8:55:03 AM Server.RentalsServerImpl getTabelaOcupacaoDia
INFO: getTabelagetTabelaOcupacaoDia method was called.
Jan 02, 2024 8:55:03 AM Server.RentalsServerImpl getTabelaOcupacaoDia
INFO: hora: 2024-06-07T00:00
Jan 02, 2024 8:55:03 AM Server.RentalsServerImpl getTabelaOcupacaoDia
INFO: idPraia: B
Jan 02, 2024 8:55:03 AM Server.RentalsServerImpl getTabelaOcupacaoDia
INFO: getTabelagetTabelaOcupacaoDiaDia
hora       | ocupacao     | disponiveis 
---------- | ------------ | ------------
08:00      | 0            | 11          
09:00      | 0            | 11          
10:00      | 0            | 11          
11:00      | 0            | 11          
12:00      | 0            | 11          
13:00      | 0            | 11          
14:00      | 0            | 11          
15:00      | 0            | 11          
16:00      | 0            | 11          
17:00      | 0            | 11          
18:00      | 0            | 11          
19:00      | 0            | 11          
20:00      | 0            | 11          

Jan 02, 2024 9:03:43 AM Server.RentalsServerImpl listaSombrinhasDisponiveis
INFO: listaSombrinhasDisponiveis method was called.
Jan 02, 2024 9:03:43 AM Server.RentalsServerImpl listaSombrinhasDisponiveis
INFO: hora: 2024-05-24T09:00
Jan 02, 2024 9:03:43 AM Server.RentalsServerImpl listaSombrinhasDisponiveis
INFO: idPraia: C
Jan 02, 2024 9:03:43 AM Server.RentalsServerImpl listaSombrinhasDisponiveis
INFO: listaSombrinhasDisponiveis
Praia      | Sombrinha   
---------- | ------------
C          | 1           
C          | 2           
C          | 3           
C          | 4           
C          | 5           
C          | 6           
C          | 7           
C          | 8           
C          | 9           
C          | 10          

Jan 02, 2024 9:03:43 AM Server.RentalsServerImpl getTabelaOcupacaoDia
INFO: getTabelagetTabelaOcupacaoDia method was called.
Jan 02, 2024 9:03:43 AM Server.RentalsServerImpl getTabelaOcupacaoDia
INFO: hora: 2024-05-24T00:00
Jan 02, 2024 9:03:43 AM Server.RentalsServerImpl getTabelaOcupacaoDia
INFO: idPraia: C
Jan 02, 2024 9:03:43 AM Server.RentalsServerImpl getTabelaOcupacaoDia
INFO: getTabelagetTabelaOcupacaoDiaDia
hora       | ocupacao     | disponiveis 
---------- | ------------ | ------------
08:00      | 0            | 10          
09:00      | 0            | 10          
10:00      | 0            | 10          
11:00      | 0            | 10          
12:00      | 0            | 10          
13:00      | 0            | 10          
14:00      | 0            | 10          
15:00      | 0            | 10          
16:00      | 0            | 10          
17:00      | 0            | 10          
18:00      | 0            | 10          
19:00      | 0            | 10          
20:00      | 0            | 10          

